<?xml version="1.0" encoding="UTF-8"?>
<!-- Generated by org.testng.reporters.JUnitReportReporter -->
<testsuite hostname="DESKTOP-NLBI4BA" failures="0" tests="2" name="com.LoginTest.VerfiyTC_001" time="26.079" errors="0" timestamp="2024-07-06T09:02:19 IST" skipped="0">
  <testcase classname="com.LoginTest.VerfiyTC_001" name="verifyLoginTest" time="13.930"/>
  <testcase classname="com.LoginTest.VerfiyTC_001" name="verifyLoginTest" time="12.149"/>
</testsuite> <!-- com.LoginTest.VerfiyTC_001 -->
