<?xml version="1.0" encoding="UTF-8"?>
<!-- Generated by org.testng.reporters.JUnitReportReporter -->
<testsuite hostname="DESKTOP-NLBI4BA" failures="0" tests="1" name="com.ArtiGhLoginTest.VerifyTestCase" time="33.728" errors="0" timestamp="2024-07-06T08:44:59 IST" skipped="0">
  <testcase classname="com.ArtiGhLoginTest.VerifyTestCase" name="verifyLoginTest" time="33.728"/>
</testsuite> <!-- com.ArtiGhLoginTest.VerifyTestCase -->
